<?xml version="1.0" encoding="UTF-8"?>
<!-- Generated by org.testng.reporters.JUnitXMLReporter -->
<testsuite ignored="0" hostname="ASUS-VIVOBOOK-15" failures="0" tests="3" name="Default test" time="3.577" errors="0" timestamp="2026-05-17T13:35:21 IST">
  <testcase classname="listenerExplanation.TestListerner" name="testImage" time="0.24"/>
  <testcase classname="listenerExplanation.TestListerner" name="testURL" time="0.013"/>
  <testcase classname="listenerExplanation.TestListerner" name="testTitle" time="0.016"/>
</testsuite> <!-- Default test -->
