<?xml version="1.0" encoding="UTF-8"?>
<!-- Generated by org.testng.reporters.JUnitReportReporter -->
<testsuite hostname="ASUS-VIVOBOOK-15" failures="0" tests="4" name="parameterization2.InventoryTest" time="0.012" errors="0" timestamp="2026-05-17T10:14:55 IST" skipped="0">
  <testcase classname="parameterization2.InventoryTest" name="verifyProductFetch" time="0.001"/>
  <testcase classname="parameterization2.InventoryTest" name="verifyProductFetch" time="0.002"/>
  <testcase classname="parameterization2.InventoryTest" name="verifyLocalCache" time="0.001"/>
  <testcase classname="parameterization2.InventoryTest" name="verifyLocalCache" time="0.008"/>
</testsuite> <!-- parameterization2.InventoryTest -->
