<?xml version="1.0" encoding="UTF-8"?>
<!-- Generated by org.testng.reporters.JUnitReportReporter -->
<testsuite hostname="ASUS-VIVOBOOK-15" failures="0" tests="3" name="listenerExplanation.TestListerner" time="0.165" errors="0" timestamp="2026-05-17T13:35:44 IST" skipped="0">
  <testcase classname="listenerExplanation.TestListerner" name="testImage" time="0.122"/>
  <testcase classname="listenerExplanation.TestListerner" name="testURL" time="0.017"/>
  <testcase classname="listenerExplanation.TestListerner" name="testTitle" time="0.026"/>
</testsuite> <!-- listenerExplanation.TestListerner -->
