<?xml version="1.0" encoding="UTF-8"?>
<!-- Generated by org.testng.reporters.JUnitReportReporter -->
<testsuite hostname="ASUS-VIVOBOOK-15" failures="0" tests="6" name="parameterization.ParameterTest" time="0.321" errors="0" timestamp="2026-05-17T09:47:13 IST" skipped="0">
  <testcase classname="parameterization.ParameterTest" name="testTitle" time="0.015"/>
  <testcase classname="parameterization.ParameterTest" name="testTitle" time="0.020"/>
  <testcase classname="parameterization.ParameterTest" name="testImage" time="0.120"/>
  <testcase classname="parameterization.ParameterTest" name="testImage" time="0.125"/>
  <testcase classname="parameterization.ParameterTest" name="testURL" time="0.018"/>
  <testcase classname="parameterization.ParameterTest" name="testURL" time="0.023"/>
</testsuite> <!-- parameterization.ParameterTest -->
