<?xml version="1.0" encoding="UTF-8"?>
<!-- Generated by org.testng.reporters.JUnitReportReporter -->
<testsuite hostname="ASUS-VIVOBOOK-15" failures="0" tests="6" name="com.amazon.AmazonAutomation.LoginOrange" time="4.191" errors="0" timestamp="2026-05-17T18:45:56 IST" skipped="0">
  <testcase classname="com.amazon.AmazonAutomation.LoginOrange" name="logo" time="0.604"/>
  <testcase classname="com.amazon.AmazonAutomation.LoginOrange" name="username" time="0.070"/>
  <testcase classname="com.amazon.AmazonAutomation.LoginOrange" name="password" time="0.072"/>
  <testcase classname="com.amazon.AmazonAutomation.LoginOrange" name="login" time="0.071"/>
  <testcase classname="com.amazon.AmazonAutomation.LoginOrange" name="logout" time="3.093"/>
  <testcase classname="com.amazon.AmazonAutomation.LoginOrange" name="close" time="0.281"/>
</testsuite> <!-- com.amazon.AmazonAutomation.LoginOrange -->
