<?xml version="1.0" encoding="UTF-8"?>
<!-- Generated by org.testng.reporters.JUnitReportReporter -->
<testsuite hostname="ASUS-VIVOBOOK-15" failures="0" tests="3" name="dependencyMethod.DependencyTest" time="0.016" errors="0" timestamp="2026-05-13T17:39:23 IST" skipped="0">
  <testcase classname="dependencyMethod.DependencyTest" name="logout" time="0.001"/>
  <testcase classname="dependencyMethod.DependencyTest" name="login" time="0.014"/>
  <testcase classname="dependencyMethod.DependencyTest" name="dashboard" time="0.001"/>
</testsuite> <!-- dependencyMethod.DependencyTest -->
