<?xml version="1.0" encoding="UTF-8"?>
<!-- Generated by org.testng.reporters.JUnitReportReporter -->
<testsuite hostname="ASUS-VIVOBOOK-15" failures="0" tests="4" name="dependencyMethod.BankingAutomationDependencyMethod" time="0.011" errors="0" timestamp="2026-05-13T17:43:51 IST" skipped="0">
  <testcase classname="dependencyMethod.BankingAutomationDependencyMethod" name="createAccount" time="0.007"/>
  <testcase classname="dependencyMethod.BankingAutomationDependencyMethod" name="depositInitialAmount" time="0.002"/>
  <testcase classname="dependencyMethod.BankingAutomationDependencyMethod" name="transferFunds" time="0.001"/>
  <testcase classname="dependencyMethod.BankingAutomationDependencyMethod" name="checkMiniStatement" time="0.001"/>
</testsuite> <!-- dependencyMethod.BankingAutomationDependencyMethod -->
