<?xml version="1.0" encoding="UTF-8"?>
<!-- Generated by org.testng.reporters.JUnitReportReporter -->
<testsuite hostname="ASUS-VIVOBOOK-15" failures="0" tests="3" name="grouping.SignupTests" time="0.012" errors="0" timestamp="2026-05-13T19:16:59 IST" skipped="0">
  <testcase classname="grouping.SignupTests" name="signUpByEmail" time="0.009"/>
  <testcase classname="grouping.SignupTests" name="signUpByFacebook" time="0.002"/>
  <testcase classname="grouping.SignupTests" name="signUpByTwitter" time="0.001"/>
</testsuite> <!-- grouping.SignupTests -->
