<?xml version="1.0" encoding="UTF-8"?>
<!-- Generated by org.testng.reporters.JUnitReportReporter -->
<testsuite hostname="ASUS-VIVOBOOK-15" failures="0" tests="3" name="com.amazon.AmazonAutomation.FacebookDemo" time="0.781" errors="0" timestamp="2026-05-17T18:45:56 IST" skipped="0">
  <testcase classname="com.amazon.AmazonAutomation.FacebookDemo" name="verifyImg" time="0.092"/>
  <testcase classname="com.amazon.AmazonAutomation.FacebookDemo" name="loginApp" time="0.325"/>
  <testcase classname="com.amazon.AmazonAutomation.FacebookDemo" name="close" time="0.364"/>
</testsuite> <!-- com.amazon.AmazonAutomation.FacebookDemo -->
