<?xml version="1.0" encoding="UTF-8"?>
<!-- Generated by org.testng.reporters.JUnitReportReporter -->
<testsuite hostname="ASUS-VIVOBOOK-15" failures="0" tests="3" name="extentReport.TestListerner" time="0.101" errors="0" timestamp="2026-05-17T18:48:46 IST" skipped="0">
  <testcase classname="extentReport.TestListerner" name="testImage" time="0.079"/>
  <testcase classname="extentReport.TestListerner" name="testURL" time="0.009"/>
  <testcase classname="extentReport.TestListerner" name="testTitle" time="0.013"/>
</testsuite> <!-- extentReport.TestListerner -->
