<?xml version="1.0" encoding="UTF-8"?>
<!-- Generated by org.testng.reporters.JUnitReportReporter -->
<testsuite hostname="ASUS-VIVOBOOK-15" failures="0" tests="3" name="com.amazon.AmazonAutomation.FirstTestClass" time="0.013" errors="0" timestamp="2026-05-17T18:45:56 IST" skipped="0">
  <testcase classname="com.amazon.AmazonAutomation.FirstTestClass" name="open" time="0.010"/>
  <testcase classname="com.amazon.AmazonAutomation.FirstTestClass" name="login" time="0.002"/>
  <testcase classname="com.amazon.AmazonAutomation.FirstTestClass" name="logout" time="0.001"/>
</testsuite> <!-- com.amazon.AmazonAutomation.FirstTestClass -->
