<?xml version="1.0" encoding="UTF-8"?>
<!-- Generated by org.testng.reporters.JUnitReportReporter -->
<testsuite hostname="ASUS-VIVOBOOK-15" failures="0" tests="5" name="dependencyMethod.DependencyMethodsExplanation" time="0.015" errors="0" timestamp="2026-05-13T17:50:36 IST" skipped="0">
  <testcase classname="dependencyMethod.DependencyMethodsExplanation" name="OpenApp" time="0.009"/>
  <testcase classname="dependencyMethod.DependencyMethodsExplanation" name="login" time="0.002"/>
  <testcase classname="dependencyMethod.DependencyMethodsExplanation" name="search" time="0.001"/>
  <testcase classname="dependencyMethod.DependencyMethodsExplanation" name="advanceSearch" time="0.002"/>
  <testcase classname="dependencyMethod.DependencyMethodsExplanation" name="logout" time="0.001"/>
</testsuite> <!-- dependencyMethod.DependencyMethodsExplanation -->
