<?xml version="1.0" encoding="UTF-8"?>
<!-- Generated by org.testng.reporters.JUnitReportReporter -->
<testsuite hostname="ASUS-VIVOBOOK-15" failures="0" tests="3" name="grouping.LoginTests" time="0.003" errors="0" timestamp="2026-05-13T19:16:59 IST" skipped="0">
  <testcase classname="grouping.LoginTests" name="loginByEmail" time="0.001"/>
  <testcase classname="grouping.LoginTests" name="loginByFacebook" time="0.001"/>
  <testcase classname="grouping.LoginTests" name="loginByTwitter" time="0.001"/>
</testsuite> <!-- grouping.LoginTests -->
