<?xml version="1.0" encoding="UTF-8"?>
<!-- Generated by org.testng.reporters.JUnitXMLReporter -->
<testsuite ignored="0" hostname="ASUS-VIVOBOOK-15" failures="0" tests="2" name="Staging Regression Tests" time="0.009" errors="0" timestamp="2026-05-17T10:14:55 IST">
  <testcase classname="parameterization2.InventoryTest" name="verifyLocalCache" time="0.001"/>
  <testcase classname="parameterization2.InventoryTest" name="verifyProductFetch" time="0.001"/>
</testsuite> <!-- Staging Regression Tests -->
