<?xml version="1.0" encoding="UTF-8"?>
<!-- Generated by org.testng.reporters.JUnitXMLReporter -->
<testsuite ignored="0" hostname="ASUS-VIVOBOOK-15" failures="0" tests="3" name="Test1" time="4.782" errors="0" timestamp="2026-05-17T09:47:13 IST">
  <testcase classname="parameterization.ParameterTest" name="testImage" time="0.125"/>
  <testcase classname="parameterization.ParameterTest" name="testTitle" time="0.02"/>
  <testcase classname="parameterization.ParameterTest" name="testURL" time="0.023"/>
</testsuite> <!-- Test1 -->
