<?xml version="1.0" encoding="UTF-8"?>
<!-- Generated by org.testng.reporters.JUnitXMLReporter -->
<testsuite ignored="0" hostname="ASUS-VIVOBOOK-15" failures="0" tests="8" name="Test" time="0.079" errors="0" timestamp="2026-05-13T19:16:59 IST">
  <testcase classname="grouping.SignupTests" name="signUpByEmail" time="0.009"/>
  <testcase classname="grouping.SignupTests" name="signUpByFacebook" time="0.002"/>
  <testcase classname="grouping.SignupTests" name="signUpByTwitter" time="0.001"/>
  <testcase classname="grouping.LoginTests" name="loginByEmail" time="0.001"/>
  <testcase classname="grouping.LoginTests" name="loginByFacebook" time="0.001"/>
  <testcase classname="grouping.LoginTests" name="loginByTwitter" time="0.001"/>
  <testcase classname="grouping.PaymentsTest" name="paymentInRupees" time="0.003"/>
  <testcase classname="grouping.PaymentsTest" name="paymentInDollars" time="0.0"/>
</testsuite> <!-- Test -->
