<?xml version="1.0" encoding="UTF-8"?>
<testng-results ignored="0" total="1" passed="1" failed="0" skipped="0">
  <reporter-output>
  </reporter-output>
  <suite started-at="2026-05-17T23:09:45 IST" name="Default suite" finished-at="2026-05-17T23:09:47 IST" duration-ms="2741">
    <groups>
    </groups>
    <test started-at="2026-05-17T23:09:45 IST" name="Default test" finished-at="2026-05-17T23:09:47 IST" duration-ms="2741">
      <class name="pageobjectpack.loginTest">
        <test-method is-config="true" signature="startUp()[pri:0, instance:pageobjectpack.loginTest@6dc17b83]" started-at="2026-05-17T23:09:45 IST" name="startUp" finished-at="2026-05-17T23:09:47 IST" duration-ms="2032" status="PASS">
          <reporter-output>
          </reporter-output>
        </test-method> <!-- startUp -->
        <test-method signature="testLogin()[pri:0, instance:pageobjectpack.loginTest@6dc17b83]" started-at="2026-05-17T23:09:47 IST" name="testLogin" finished-at="2026-05-17T23:09:47 IST" duration-ms="404" status="PASS">
          <reporter-output>
          </reporter-output>
        </test-method> <!-- testLogin -->
        <test-method is-config="true" signature="close()[pri:0, instance:pageobjectpack.loginTest@6dc17b83]" started-at="2026-05-17T23:09:47 IST" name="close" finished-at="2026-05-17T23:09:47 IST" duration-ms="261" status="PASS">
          <reporter-output>
          </reporter-output>
        </test-method> <!-- close -->
      </class> <!-- pageobjectpack.loginTest -->
    </test> <!-- Default test -->
  </suite> <!-- Default suite -->
</testng-results>
