<?xml version="1.0" encoding="UTF-8"?>
<testng-results ignored="0" total="3" passed="3" failed="0" skipped="0">
  <reporter-output>
  </reporter-output>
  <suite started-at="2026-05-17T13:35:40 IST" name="Suite" finished-at="2026-05-17T13:35:43 IST" duration-ms="2886">
    <groups>
    </groups>
    <test started-at="2026-05-17T13:35:40 IST" name="Test" finished-at="2026-05-17T13:35:43 IST" duration-ms="2886">
      <class name="listenerExplanation.TestListerner">
        <test-method is-config="true" signature="setUp()[pri:0, instance:listenerExplanation.TestListerner@62150f9e]" started-at="2026-05-17T13:35:41 IST" name="setUp" finished-at="2026-05-17T13:35:43 IST" duration-ms="2424" status="PASS">
          <reporter-output>
          </reporter-output>
        </test-method> <!-- setUp -->
        <test-method signature="testImage()[pri:1, instance:listenerExplanation.TestListerner@62150f9e]" started-at="2026-05-17T13:35:43 IST" name="testImage" finished-at="2026-05-17T13:35:43 IST" duration-ms="122" status="PASS">
          <reporter-output>
          </reporter-output>
        </test-method> <!-- testImage -->
        <test-method signature="testURL()[pri:2, instance:listenerExplanation.TestListerner@62150f9e]" started-at="2026-05-17T13:35:43 IST" name="testURL" finished-at="2026-05-17T13:35:43 IST" duration-ms="17" status="PASS">
          <reporter-output>
          </reporter-output>
        </test-method> <!-- testURL -->
        <test-method signature="testTitle()[pri:3, instance:listenerExplanation.TestListerner@62150f9e]" started-at="2026-05-17T13:35:43 IST" name="testTitle" finished-at="2026-05-17T13:35:43 IST" depends-on-methods="listenerExplanation.TestListerner.testURL" duration-ms="26" status="PASS">
          <reporter-output>
          </reporter-output>
        </test-method> <!-- testTitle -->
        <test-method is-config="true" signature="testClose()[pri:0, instance:listenerExplanation.TestListerner@62150f9e]" started-at="2026-05-17T13:35:43 IST" name="testClose" finished-at="2026-05-17T13:35:43 IST" duration-ms="198" status="PASS">
          <reporter-output>
          </reporter-output>
        </test-method> <!-- testClose -->
      </class> <!-- listenerExplanation.TestListerner -->
    </test> <!-- Test -->
  </suite> <!-- Suite -->
</testng-results>
